<?xml version="1.0" encoding="UTF-8"?>
<!-- Generated by org.testng.reporters.JUnitXMLReporter -->
<testsuite ignored="0" hostname="DESKTOP-H8MG6RR" failures="1" tests="3" name="Test" time="31.572" errors="0" timestamp="2021-02-04T23:32:54 IST">
  <testcase classname="TestNG.TestCase3" name="tc3" time="2.307"/>
  <testcase classname="TestNG.Assertion" name="login" time="7.46">
    <failure type="java.lang.AssertionError" message="expected [qwerty12345] but found [Facebook – log in or sign up]">
      <![CDATA[java.lang.AssertionError: expected [qwerty12345] but found [Facebook – log in or sign up]
at TestNG.Assertion.login(Assertion.java:21)
at java.base/java.util.ArrayList.forEach(ArrayList.java:1511)
... Removed 32 stack frames]]>
    </failure>
  </testcase> <!-- login -->
  <testcase classname="TestNG.TestCase2" name="testcase2" time="0.991"/>
</testsuite> <!-- Test -->
